1	N	48
1	J	48
0	J	48
1	R	48
2	N	48
2	J	49
1	W	49
2	R	49
3	N	63
3	J	64
2	J	64
3	R	64
3	W	68
2	R	68
2	E	74
1	J	74
1	R	74
4	N	74
4	J	74
1	W	74
4	R	74
5	N	106
5	J	107
4	W	107
5	R	107
4	J	109
5	E	110
4	R	110
4	W	115
0	R	115
4	J	2374
4	R	2374
4	W	2374
0	R	2374
4	J	2596
4	R	2596
4	W	2596
0	R	2596
4	J	2608
4	R	2608
4	W	2608
0	R	2608
4	J	2774
4	R	2774
4	W	2774
0	R	2775
4	J	2817
4	R	2817
4	W	2817
0	R	2817
4	J	2958
4	R	2958
4	W	2958
0	R	2958
4	J	3018
4	R	3018
4	W	3018
0	R	3018
3	J	3067
3	R	3067
3	W	3067
0	R	3067
4	J	3181
4	R	3181
4	W	3181
0	R	3181
4	J	3265
4	R	3265
4	W	3265
0	R	3265
4	J	3443
4	R	3443
4	W	3443
0	R	3443
4	J	3585
4	R	3585
4	W	3585
0	R	3585
4	J	3699
4	R	3699
4	W	3699
0	R	3699
4	J	3780
4	R	3780
4	W	3780
0	R	3780
4	J	3899
4	R	3899
4	W	3899
0	R	3899
4	J	3999
4	R	3999
4	W	3999
0	R	3999
4	J	4136
4	R	4136
4	W	4136
0	R	4137
4	J	4237
4	R	4237
4	W	4237
0	R	4237
4	J	4398
4	R	4398
4	W	4398
0	R	4398
4	J	4499
4	R	4499
4	W	4500
0	R	4500
4	J	4716
4	R	4716
4	W	4716
0	R	4716
4	J	5432
4	R	5432
4	W	5432
0	R	5432
4	J	5558
4	R	5558
4	W	5558
0	R	5558
4	J	5742
4	R	5743
4	W	5743
0	R	5743
4	J	5907
4	R	5907
4	W	5907
0	R	5907
4	J	6021
4	R	6021
4	W	6021
0	R	6021
4	J	6229
4	R	6229
4	W	6229
0	R	6229
4	J	7041
4	R	7041
4	W	7041
0	R	7041
4	J	7257
4	R	7257
4	W	7257
0	R	7257
4	J	7339
4	R	7339
4	W	7339
0	R	7339
4	J	7465
4	R	7465
4	W	7465
0	R	7465
4	J	7467
4	R	7467
4	W	7467
0	R	7467
4	J	7565
4	R	7565
4	W	7565
0	R	7565
4	J	7639
4	R	7639
4	W	7639
0	R	7639
4	J	7784
4	R	7784
4	W	7785
0	R	7785
4	J	8045
4	R	8045
4	W	8045
0	R	8045
4	J	8057
4	R	8057
4	W	8057
0	R	8057
4	J	8199
4	R	8199
4	W	8199
0	R	8199
4	J	8305
4	R	8305
4	W	8305
0	R	8305
4	J	8525
4	R	8525
4	W	8525
0	R	8525
4	J	9784
4	R	9784
4	W	9784
0	R	9784
4	J	9918
4	R	9918
4	W	9918
0	R	9918
4	J	10045
4	R	10045
4	W	10046
0	R	10046
4	J	10158
4	R	10158
4	W	10158
0	R	10158
4	J	10235
4	R	10235
4	W	10236
0	R	10236
4	J	10332
4	R	10332
4	W	10332
0	R	10332
4	J	10997
4	R	10997
4	W	10997
0	R	10997
4	J	11161
4	R	11161
4	W	11162
0	R	11162
4	J	11186
4	R	11186
4	W	11186
0	R	11186
4	J	11298
4	R	11298
4	W	11298
0	R	11298
4	J	11389
4	R	11389
4	W	11389
0	R	11389
4	J	11465
4	R	11465
4	W	11465
0	R	11465
4	J	11539
4	R	11539
4	W	11539
0	R	11539
4	J	11702
4	R	11702
4	W	11702
0	R	11702
4	J	11847
4	R	11847
4	W	11847
0	R	11847
4	J	12021
4	R	12021
4	W	12021
0	R	12021
4	J	12647
4	R	12647
4	W	12647
0	R	12647
4	J	12877
4	R	12877
4	W	12877
0	R	12877
4	J	15375
4	R	15375
4	W	15375
0	R	15375
4	J	15506
4	R	15506
4	W	15506
0	R	15506
4	J	15734
4	R	15734
4	W	15735
0	R	15735
4	J	16002
4	R	16002
4	W	16002
0	R	16002
4	J	16189
4	R	16189
4	W	16189
0	R	16189
4	J	16374
4	R	16374
4	W	16374
0	R	16374
4	J	16431
4	R	16431
4	W	16431
0	R	16431
4	J	16598
4	R	16598
4	W	16598
0	R	16599
4	J	17027
4	R	17027
4	W	17027
0	R	17027
4	J	17143
4	R	17143
4	W	17143
0	R	17143
4	J	17973
4	R	17973
4	W	17973
0	R	17973
4	J	18136
4	R	18136
4	W	18136
0	R	18136
4	J	18207
4	R	18207
4	W	18207
0	R	18207
4	J	18403
4	R	18403
4	W	18403
0	R	18403
4	J	18599
4	R	18599
4	W	18599
0	R	18599
4	J	18894
4	R	18895
4	W	18895
0	R	18895
4	J	19395
4	R	19395
4	W	19395
0	R	19395
4	J	19576
4	R	19576
4	W	19576
0	R	19576
4	J	19682
4	R	19683
4	W	19683
0	R	19683
4	J	19797
4	R	19797
4	W	19797
0	R	19797
4	J	20059
4	R	20059
4	W	20059
0	R	20059
4	J	20216
4	R	20216
4	W	20216
0	R	20216
4	J	22156
4	R	22156
4	W	22156
0	R	22156
4	J	22371
4	R	22371
4	W	22371
0	R	22371
4	J	25692
4	R	25692
6	N	25694
6	J	25695
4	W	25695
6	R	25696
7	N	25700
7	J	25700
6	W	25701
7	R	25701
7	E	25753
6	J	25753
6	R	25753
8	N	25754
8	J	25755
6	W	25755
8	R	25755
8	E	25854
6	J	25854
6	R	25855
9	N	25855
9	J	25856
6	W	25856
9	R	25856
9	E	25881
6	J	25882
6	R	25882
10	N	25884
10	J	25884
6	W	25884
10	R	25884
10	E	25963
6	J	25963
6	R	25964
6	E	25966
4	J	25966
4	R	25966
11	N	25966
11	J	25967
4	W	25967
11	R	25967
4	J	25969
11	E	25970
4	R	25970
4	W	25970
0	R	25970
4	J	29258
4	R	29258
4	W	29258
0	R	29258
4	J	29438
4	R	29438
4	W	29438
0	R	29438
4	J	29458
4	R	29458
4	W	29458
0	R	29459
4	J	29627
4	R	29627
4	W	29627
0	R	29627
4	J	29761
4	R	29761
4	W	29761
0	R	29761
4	J	29936
4	R	29936
4	W	29936
0	R	29936
4	J	30033
4	R	30033
4	W	30033
0	R	30033
4	J	30198
4	R	30198
4	W	30199
0	R	30199
4	J	30293
4	R	30293
12	N	30294
12	J	30295
4	W	30295
12	R	30295
